e:\dev\c\rikaisamanew\eb-4.2.2-win32\debug\zlib\zlib.pdb
e:\dev\c\rikaisamanew\eb-4.2.2-win32\debug\zlib\zlib.idb
e:\dev\c\rikaisamanew\eb-4.2.2-win32\debug\zlib\zutil.obj
e:\dev\c\rikaisamanew\eb-4.2.2-win32\debug\zlib\uncompr.obj
e:\dev\c\rikaisamanew\eb-4.2.2-win32\debug\zlib\trees.obj
e:\dev\c\rikaisamanew\eb-4.2.2-win32\debug\zlib\inftrees.obj
e:\dev\c\rikaisamanew\eb-4.2.2-win32\debug\zlib\inflate.obj
e:\dev\c\rikaisamanew\eb-4.2.2-win32\debug\zlib\inffast.obj
e:\dev\c\rikaisamanew\eb-4.2.2-win32\debug\zlib\infback.obj
e:\dev\c\rikaisamanew\eb-4.2.2-win32\debug\zlib\gzio.obj
e:\dev\c\rikaisamanew\eb-4.2.2-win32\debug\zlib\deflate.obj
e:\dev\c\rikaisamanew\eb-4.2.2-win32\debug\zlib\crc32.obj
e:\dev\c\rikaisamanew\eb-4.2.2-win32\debug\zlib\compress.obj
e:\dev\c\rikaisamanew\eb-4.2.2-win32\debug\zlib\adler32.obj
e:\dev\c\rikaisamanew\eb-4.2.2-win32\debug\zlib.lib
e:\dev\c\rikaisamanew\eb-4.2.2-win32\.\debug\zlib.lib
e:\dev\c\rikaisamanew\eb-4.2.2-win32\debug\zlib\zlib.tlog\cl.command.1.tlog
e:\dev\c\rikaisamanew\eb-4.2.2-win32\debug\zlib\zlib.tlog\cl.read.1.tlog
e:\dev\c\rikaisamanew\eb-4.2.2-win32\debug\zlib\zlib.tlog\cl.write.1.tlog
e:\dev\c\rikaisamanew\eb-4.2.2-win32\debug\zlib\zlib.tlog\lib-link.read.1.tlog
e:\dev\c\rikaisamanew\eb-4.2.2-win32\debug\zlib\zlib.tlog\lib-link.write.1.tlog
e:\dev\c\rikaisamanew\eb-4.2.2-win32\debug\zlib\zlib.tlog\lib.command.1.tlog
