e:\dev\c\rikaisamanew\eb-4.2.2-win32\release\zlib\zlib.pdb
e:\dev\c\rikaisamanew\eb-4.2.2-win32\release\zlib\zutil.obj
e:\dev\c\rikaisamanew\eb-4.2.2-win32\release\zlib\uncompr.obj
e:\dev\c\rikaisamanew\eb-4.2.2-win32\release\zlib\trees.obj
e:\dev\c\rikaisamanew\eb-4.2.2-win32\release\zlib\inftrees.obj
e:\dev\c\rikaisamanew\eb-4.2.2-win32\release\zlib\inflate.obj
e:\dev\c\rikaisamanew\eb-4.2.2-win32\release\zlib\inffast.obj
e:\dev\c\rikaisamanew\eb-4.2.2-win32\release\zlib\infback.obj
e:\dev\c\rikaisamanew\eb-4.2.2-win32\release\zlib\gzio.obj
e:\dev\c\rikaisamanew\eb-4.2.2-win32\release\zlib\deflate.obj
e:\dev\c\rikaisamanew\eb-4.2.2-win32\release\zlib\crc32.obj
e:\dev\c\rikaisamanew\eb-4.2.2-win32\release\zlib\compress.obj
e:\dev\c\rikaisamanew\eb-4.2.2-win32\release\zlib\adler32.obj
e:\dev\c\rikaisamanew\eb-4.2.2-win32\release\zlib.lib
e:\dev\c\rikaisamanew\eb-4.2.2-win32\.\release\zlib.lib
e:\dev\c\rikaisamanew\eb-4.2.2-win32\release\zlib\zlib.tlog\cl.command.1.tlog
e:\dev\c\rikaisamanew\eb-4.2.2-win32\release\zlib\zlib.tlog\cl.read.1.tlog
e:\dev\c\rikaisamanew\eb-4.2.2-win32\release\zlib\zlib.tlog\cl.write.1.tlog
e:\dev\c\rikaisamanew\eb-4.2.2-win32\release\zlib\zlib.tlog\lib-link.read.1.tlog
e:\dev\c\rikaisamanew\eb-4.2.2-win32\release\zlib\zlib.tlog\lib-link.write.1.tlog
e:\dev\c\rikaisamanew\eb-4.2.2-win32\release\zlib\zlib.tlog\lib.command.1.tlog
