  base64.c
  eplkup.c
eplkup.c(669): warning C4018: '<': signed/unsigned mismatch
  eplkup_data.c
  eplkup_font.c
  eplkup_gaiji.c
  eplkup_hook_handler.c
  eplkup_utils.c
  gaiji_table_chujiten.c
  gaiji_table_daijirin.c
  gaiji_table_daijisen.c
  gaiji_table_genius.c
  gaiji_table_kojien.c
  gaiji_table_meikyojj.c
  gaiji_table_meikyou.c
  gaiji_table_snmkg99.c
  gaiji_table_wadai5.c
  Generating code
  All 45 functions were compiled because no usable IPDB/IOBJ from previous compilation was found.
  Finished generating code
  eplkup.vcxproj -> E:\Dev\c\RikaisamaNew\eplkup\Release\eplkup.exe
  eplkup.vcxproj -> E:\Dev\c\RikaisamaNew\eplkup\Release\eplkup.pdb (Full PDB)
