e:\dev\c\rikaisamanew\eplkup\eplkup\release\vc140.pdb
e:\dev\c\rikaisamanew\eplkup\eplkup\release\gaiji_table_wadai5.obj
e:\dev\c\rikaisamanew\eplkup\eplkup\release\gaiji_table_snmkg99.obj
e:\dev\c\rikaisamanew\eplkup\eplkup\release\gaiji_table_meikyou.obj
e:\dev\c\rikaisamanew\eplkup\eplkup\release\gaiji_table_meikyojj.obj
e:\dev\c\rikaisamanew\eplkup\eplkup\release\gaiji_table_kojien.obj
e:\dev\c\rikaisamanew\eplkup\eplkup\release\gaiji_table_genius.obj
e:\dev\c\rikaisamanew\eplkup\eplkup\release\gaiji_table_daijisen.obj
e:\dev\c\rikaisamanew\eplkup\eplkup\release\gaiji_table_daijirin.obj
e:\dev\c\rikaisamanew\eplkup\eplkup\release\gaiji_table_chujiten.obj
e:\dev\c\rikaisamanew\eplkup\eplkup\release\eplkup_utils.obj
e:\dev\c\rikaisamanew\eplkup\eplkup\release\eplkup_hook_handler.obj
e:\dev\c\rikaisamanew\eplkup\eplkup\release\eplkup_gaiji.obj
e:\dev\c\rikaisamanew\eplkup\eplkup\release\eplkup_font.obj
e:\dev\c\rikaisamanew\eplkup\eplkup\release\eplkup_data.obj
e:\dev\c\rikaisamanew\eplkup\eplkup\release\eplkup.obj
e:\dev\c\rikaisamanew\eplkup\eplkup\release\base64.obj
e:\dev\c\rikaisamanew\eplkup\release\eplkup.exe
e:\dev\c\rikaisamanew\eplkup\release\eplkup.ipdb
e:\dev\c\rikaisamanew\eplkup\release\eplkup.iobj
e:\dev\c\rikaisamanew\eplkup\release\eplkup.pdb
e:\dev\c\rikaisamanew\eplkup\eplkup\release\eplkup.tlog\cl.command.1.tlog
e:\dev\c\rikaisamanew\eplkup\eplkup\release\eplkup.tlog\cl.read.1.tlog
e:\dev\c\rikaisamanew\eplkup\eplkup\release\eplkup.tlog\cl.write.1.tlog
e:\dev\c\rikaisamanew\eplkup\eplkup\release\eplkup.tlog\link.command.1.tlog
e:\dev\c\rikaisamanew\eplkup\eplkup\release\eplkup.tlog\link.read.1.tlog
e:\dev\c\rikaisamanew\eplkup\eplkup\release\eplkup.tlog\link.write.1.tlog
