e:\dev\c\rikaisamanew\eplkup\eplkup\debug\vc140.pdb
e:\dev\c\rikaisamanew\eplkup\eplkup\debug\vc140.idb
e:\dev\c\rikaisamanew\eplkup\eplkup\debug\base64.obj
e:\dev\c\rikaisamanew\eplkup\eplkup\debug\eplkup.obj
e:\dev\c\rikaisamanew\eplkup\eplkup\debug\eplkup_data.obj
e:\dev\c\rikaisamanew\eplkup\eplkup\debug\eplkup_font.obj
e:\dev\c\rikaisamanew\eplkup\eplkup\debug\eplkup_gaiji.obj
e:\dev\c\rikaisamanew\eplkup\eplkup\debug\eplkup_hook_handler.obj
e:\dev\c\rikaisamanew\eplkup\eplkup\debug\eplkup_utils.obj
e:\dev\c\rikaisamanew\eplkup\eplkup\debug\gaiji_table_chujiten.obj
e:\dev\c\rikaisamanew\eplkup\eplkup\debug\gaiji_table_daijirin.obj
e:\dev\c\rikaisamanew\eplkup\eplkup\debug\gaiji_table_daijisen.obj
e:\dev\c\rikaisamanew\eplkup\eplkup\debug\gaiji_table_genius.obj
e:\dev\c\rikaisamanew\eplkup\eplkup\debug\gaiji_table_kojien.obj
e:\dev\c\rikaisamanew\eplkup\eplkup\debug\gaiji_table_meikyojj.obj
e:\dev\c\rikaisamanew\eplkup\eplkup\debug\gaiji_table_meikyou.obj
e:\dev\c\rikaisamanew\eplkup\eplkup\debug\gaiji_table_snmkg99.obj
e:\dev\c\rikaisamanew\eplkup\eplkup\debug\gaiji_table_wadai5.obj
e:\dev\c\rikaisamanew\eplkup\debug\eplkup.ilk
e:\dev\c\rikaisamanew\eplkup\debug\eplkup.exe
e:\dev\c\rikaisamanew\eplkup\debug\eplkup.pdb
e:\dev\c\rikaisamanew\eplkup\eplkup\debug\eplkup.tlog\cl.command.1.tlog
e:\dev\c\rikaisamanew\eplkup\eplkup\debug\eplkup.tlog\cl.read.1.tlog
e:\dev\c\rikaisamanew\eplkup\eplkup\debug\eplkup.tlog\cl.write.1.tlog
e:\dev\c\rikaisamanew\eplkup\eplkup\debug\eplkup.tlog\link.command.1.tlog
e:\dev\c\rikaisamanew\eplkup\eplkup\debug\eplkup.tlog\link.read.1.tlog
e:\dev\c\rikaisamanew\eplkup\eplkup\debug\eplkup.tlog\link.write.1.tlog
